0 info it worked if it ends with ok
1 verbose cli [ '/usr/local/bin/node', '/usr/local/bin/npm', 'publish' ]
2 info using npm@3.9.6
3 info using node@v4.2.2
4 verbose publish [ '.' ]
5 silly cache add args [ '.', null ]
6 verbose cache add spec .
7 silly cache add parsed spec Result {
7 silly cache add   raw: '.',
7 silly cache add   scope: null,
7 silly cache add   name: null,
7 silly cache add   rawSpec: '.',
7 silly cache add   spec: '/Users/bipsen/Development/sandbox/babel-plugin-auto-constant',
7 silly cache add   type: 'directory' }
8 verbose addLocalDirectory /Users/bipsen/.npm/babel-plugin-auto-constant/1.0.2/package.tgz not in flight; packing
9 verbose correctMkdir /Users/bipsen/.npm correctMkdir not in flight; initializing
10 info lifecycle babel-plugin-auto-constant@1.0.2~prepublish: babel-plugin-auto-constant@1.0.2
11 silly lifecycle babel-plugin-auto-constant@1.0.2~prepublish: no script for prepublish, continuing
12 verbose tar pack [ '/Users/bipsen/.npm/babel-plugin-auto-constant/1.0.2/package.tgz',
12 verbose tar pack   '/Users/bipsen/Development/sandbox/babel-plugin-auto-constant' ]
13 verbose tarball /Users/bipsen/.npm/babel-plugin-auto-constant/1.0.2/package.tgz
14 verbose folder /Users/bipsen/Development/sandbox/babel-plugin-auto-constant
15 verbose addLocalTarball adding from inside cache /Users/bipsen/.npm/babel-plugin-auto-constant/1.0.2/package.tgz
16 verbose correctMkdir /Users/bipsen/.npm correctMkdir not in flight; initializing
17 silly cache afterAdd babel-plugin-auto-constant@1.0.2
18 verbose afterAdd /Users/bipsen/.npm/babel-plugin-auto-constant/1.0.2/package/package.json not in flight; writing
19 verbose correctMkdir /Users/bipsen/.npm correctMkdir not in flight; initializing
20 verbose afterAdd /Users/bipsen/.npm/babel-plugin-auto-constant/1.0.2/package/package.json written
21 silly publish { name: 'babel-plugin-auto-constant',
21 silly publish   version: '1.0.2',
21 silly publish   description: 'Shortcut for constant definitions',
21 silly publish   main: 'lib/index.js',
21 silly publish   repository:
21 silly publish    { type: 'git',
21 silly publish      url: 'git+https://github.com/cif/babel-plugin-auto-constant.git' },
21 silly publish   scripts:
21 silly publish    { build: 'babel src --out-dir lib',
21 silly publish      test: 'mocha --compilers js:babel-register test/' },
21 silly publish   keywords: [ 'babel', 'constants' ],
21 silly publish   files: [ 'README.md', 'lib' ],
21 silly publish   author: { name: 'Ben Ipsen', email: 'email@benipsen.com' },
21 silly publish   license: 'ISC',
21 silly publish   devDependencies:
21 silly publish    { 'babel-core': '^6.17.0',
21 silly publish      'babel-preset-es2015': '^6.16.0',
21 silly publish      'babel-register': '^6.16.3',
21 silly publish      mocha: '^2.3.2' },
21 silly publish   babel: { presets: [ 'es2015' ] },
21 silly publish   readme: '## Auto Constant!\nThis space aged babel plugin allows you to create constants\nof the same name by simply writing the expression without `const` or assigning value:\n\nInstead of:\n```\nconst FOO_UPDATE_IN_FLIGHT = \'FOO_UPDATE_IN_FLIGHT\';\n```\n\nsimply write:\n```\nFOO_UPDATE_IN_FLIGHT;\n```\n\n... which compiles the same to:\n```\nvar FOO_UPDATE_IN_FLIGHT = \'FOO_UPDATE_IN_FLIGHT\';\n\n### Exporting*\nIf you want to export, add two underscores so the end:\n```\nFOO_LOADED__\n```\n...which will compile to\n```\nvar FOO_LOADED = exports.FOO_LOADED = \'FOO_LOADED\';\n```\n\n*Note if you are only exporting constants, make sure to export a default or any value so that\nBabel will define the __esModule property on exports*\n',
21 silly publish   readmeFilename: 'README.md',
21 silly publish   gitHead: '2ae061dd931bd2660c320bdd66c57058382cb2c7',
21 silly publish   bugs: { url: 'https://github.com/cif/babel-plugin-auto-constant/issues' },
21 silly publish   homepage: 'https://github.com/cif/babel-plugin-auto-constant#readme',
21 silly publish   _id: 'babel-plugin-auto-constant@1.0.2',
21 silly publish   _shasum: '97ed2609d140799237d343453c5853a8227f5458',
21 silly publish   _from: '.' }
22 verbose getPublishConfig undefined
23 silly mapToRegistry name babel-plugin-auto-constant
24 silly mapToRegistry using default registry
25 silly mapToRegistry registry https://registry.npmjs.org/
26 silly mapToRegistry data Result {
26 silly mapToRegistry   raw: 'babel-plugin-auto-constant',
26 silly mapToRegistry   scope: null,
26 silly mapToRegistry   name: 'babel-plugin-auto-constant',
26 silly mapToRegistry   rawSpec: '',
26 silly mapToRegistry   spec: 'latest',
26 silly mapToRegistry   type: 'tag' }
27 silly mapToRegistry uri https://registry.npmjs.org/babel-plugin-auto-constant
28 verbose publish registryBase https://registry.npmjs.org/
29 silly publish uploading /Users/bipsen/.npm/babel-plugin-auto-constant/1.0.2/package.tgz
30 verbose request uri https://registry.npmjs.org/babel-plugin-auto-constant
31 verbose request sending authorization for write operation
32 info attempt registry request try #1 at 9:18:55 AM
33 verbose request using bearer token for auth
34 verbose request id ab1420088fea0bd8
35 http request PUT https://registry.npmjs.org/babel-plugin-auto-constant
36 http 403 https://registry.npmjs.org/babel-plugin-auto-constant
37 verbose headers { 'content-type': 'application/json',
37 verbose headers   'cache-control': 'max-age=300',
37 verbose headers   'content-length': '95',
37 verbose headers   'accept-ranges': 'bytes',
37 verbose headers   date: 'Tue, 13 Dec 2016 17:18:55 GMT',
37 verbose headers   via: '1.1 varnish',
37 verbose headers   connection: 'keep-alive',
37 verbose headers   'x-served-by': 'cache-dfw1840-DFW',
37 verbose headers   'x-cache': 'MISS',
37 verbose headers   'x-cache-hits': '0',
37 verbose headers   'x-timer': 'S1481649535.030342,VS0,VE710',
37 verbose headers   vary: 'Accept-Encoding' }
38 verbose request invalidating /Users/bipsen/.npm/registry.npmjs.org/babel-plugin-auto-constant on PUT
39 error publish Failed PUT 403
40 verbose stack Error: "You cannot publish over the previously published version 1.0.2." : babel-plugin-auto-constant
40 verbose stack     at makeError (/usr/local/lib/node_modules/npm/node_modules/npm-registry-client/lib/request.js:264:12)
40 verbose stack     at CachingRegistryClient.<anonymous> (/usr/local/lib/node_modules/npm/node_modules/npm-registry-client/lib/request.js:252:14)
40 verbose stack     at Request._callback (/usr/local/lib/node_modules/npm/node_modules/npm-registry-client/lib/request.js:172:14)
40 verbose stack     at Request.self.callback (/usr/local/lib/node_modules/npm/node_modules/request/request.js:200:22)
40 verbose stack     at emitTwo (events.js:87:13)
40 verbose stack     at Request.emit (events.js:172:7)
40 verbose stack     at Request.<anonymous> (/usr/local/lib/node_modules/npm/node_modules/request/request.js:1067:10)
40 verbose stack     at emitOne (events.js:82:20)
40 verbose stack     at Request.emit (events.js:169:7)
40 verbose stack     at IncomingMessage.<anonymous> (/usr/local/lib/node_modules/npm/node_modules/request/request.js:988:12)
41 verbose statusCode 403
42 verbose pkgid babel-plugin-auto-constant
43 verbose cwd /Users/bipsen/Development/sandbox/babel-plugin-auto-constant
44 error Darwin 15.6.0
45 error argv "/usr/local/bin/node" "/usr/local/bin/npm" "publish"
46 error node v4.2.2
47 error npm  v3.9.6
48 error code E403
49 error "You cannot publish over the previously published version 1.0.2." : babel-plugin-auto-constant
50 error If you need help, you may report this error at:
50 error     <https://github.com/npm/npm/issues>
51 verbose exit [ 1, true ]
